# JRE version: Java(TM) SE Runtime Environment (7.0_51-b13) (build 1.7.0_51-b13)
# Java VM: Java HotSpot(TM) Client VM (24.51-b03 mixed mode windows-x86 )
Heap
 def new generation   total 4928K, used 4035K [0x046e0000, 0x04c30000, 0x09c30000)
  eden space 4416K,  79% used [0x046e0000, 0x04a50c70, 0x04b30000)
  from space 512K, 100% used [0x04b30000, 0x04bb0000, 0x04bb0000)
  to   space 512K,   0% used [0x04bb0000, 0x04bb0000, 0x04c30000)
 tenured generation   total 10944K, used 4085K [0x09c30000, 0x0a6e0000, 0x146e0000)
   the space 10944K,  37% used [0x09c30000, 0x0a02d790, 0x0a02d800, 0x0a6e0000)
 compacting perm gen  total 12288K, used 8582K [0x146e0000, 0x152e0000, 0x186e0000)
   the space 12288K,  69% used [0x146e0000, 0x14f41a70, 0x14f41c00, 0x152e0000)
GC Heap History (8 events):
Event: 21.361 GC heap before
{Heap before GC invocations=0 (full 0):
 def new generation   total 4928K, used 4411K [0x046e0000, 0x04c30000, 0x09c30000)
  eden space 4416K,  99% used [0x046e0000, 0x04b2ee78, 0x04b30000)
  from space 512K,   0% used [0x04b30000, 0x04b30000, 0x04bb0000)
  to   space 512K,   0% used [0x04bb0000, 0x04bb0000, 0x04c30000)
 tenured generation   total 10944K, used 0K [0x09c30000, 0x0a6e0000, 0x146e0000)
   the space 10944K,   0% used [0x09c30000, 0x09c30000, 0x09c30200, 0x0a6e0000)
 compacting perm gen  total 12288K, used 3773K [0x146e0000, 0x152e0000, 0x186e0000)
   the space 12288K,  30% used [0x146e0000, 0x14a8f618, 0x14a8f800, 0x152e0000)
No shared spaces configured.
Event: 21.365 GC heap after
Heap after GC invocations=1 (full 0):
 def new generation   total 4928K, used 512K [0x046e0000, 0x04c30000, 0x09c30000)
  eden space 4416K,   0% used [0x046e0000, 0x046e0000, 0x04b30000)
  from space 512K, 100% used [0x04bb0000, 0x04c30000, 0x04c30000)
  to   space 512K,   0% used [0x04b30000, 0x04b30000, 0x04bb0000)
 tenured generation   total 10944K, used 823K [0x09c30000, 0x0a6e0000, 0x146e0000)
   the space 10944K,   7% used [0x09c30000, 0x09cfde00, 0x09cfde00, 0x0a6e0000)
 compacting perm gen  total 12288K, used 3773K [0x146e0000, 0x152e0000, 0x186e0000)
   the space 12288K,  30% used [0x146e0000, 0x14a8f618, 0x14a8f800, 0x152e0000)
No shared spaces configured.
}
Event: 21.540 GC heap before
{Heap before GC invocations=1 (full 0):
 def new generation   total 4928K, used 4928K [0x046e0000, 0x04c30000, 0x09c30000)
  eden space 4416K, 100% used [0x046e0000, 0x04b30000, 0x04b30000)
  from space 512K, 100% used [0x04bb0000, 0x04c30000, 0x04c30000)
  to   space 512K,   0% used [0x04b30000, 0x04b30000, 0x04bb0000)
 tenured generation   total 10944K, used 823K [0x09c30000, 0x0a6e0000, 0x146e0000)
   the space 10944K,   7% used [0x09c30000, 0x09cfde00, 0x09cfde00, 0x0a6e0000)
 compacting perm gen  total 12288K, used 5975K [0x146e0000, 0x152e0000, 0x186e0000)
   the space 12288K,  48% used [0x146e0000, 0x14cb5dc8, 0x14cb5e00, 0x152e0000)
No shared spaces configured.
Event: 21.546 GC heap after
Heap after GC invocations=2 (full 0):
 def new generation   total 4928K, used 512K [0x046e0000, 0x04c30000, 0x09c30000)
  eden space 4416K,   0% used [0x046e0000, 0x046e0000, 0x04b30000)
  from space 512K, 100% used [0x04b30000, 0x04bb0000, 0x04bb0000)
  to   space 512K,   0% used [0x04bb0000, 0x04bb0000, 0x04c30000)
 tenured generation   total 10944K, used 1965K [0x09c30000, 0x0a6e0000, 0x146e0000)
   the space 10944K,  17% used [0x09c30000, 0x09e1b580, 0x09e1b600, 0x0a6e0000)
 compacting perm gen  total 12288K, used 5975K [0x146e0000, 0x152e0000, 0x186e0000)
   the space 12288K,  48% used [0x146e0000, 0x14cb5dc8, 0x14cb5e00, 0x152e0000)
No shared spaces configured.
}
Event: 21.647 GC heap before
{Heap before GC invocations=2 (full 0):
 def new generation   total 4928K, used 4928K [0x046e0000, 0x04c30000, 0x09c30000)
  eden space 4416K, 100% used [0x046e0000, 0x04b30000, 0x04b30000)
  from space 512K, 100% used [0x04b30000, 0x04bb0000, 0x04bb0000)
  to   space 512K,   0% used [0x04bb0000, 0x04bb0000, 0x04c30000)
 tenured generation   total 10944K, used 1965K [0x09c30000, 0x0a6e0000, 0x146e0000)
   the space 10944K,  17% used [0x09c30000, 0x09e1b580, 0x09e1b600, 0x0a6e0000)
 compacting perm gen  total 12288K, used 6848K [0x146e0000, 0x152e0000, 0x186e0000)
   the space 12288K,  55% used [0x146e0000, 0x14d901e0, 0x14d90200, 0x152e0000)
No shared spaces configured.
Event: 21.652 GC heap after
Heap after GC invocations=3 (full 0):
 def new generation   total 4928K, used 511K [0x046e0000, 0x04c30000, 0x09c30000)
  eden space 4416K,   0% used [0x046e0000, 0x046e0000, 0x04b30000)
  from space 512K,  99% used [0x04bb0000, 0x04c2fff8, 0x04c30000)
  to   space 512K,   0% used [0x04b30000, 0x04b30000, 0x04bb0000)
 tenured generation   total 10944K, used 3077K [0x09c30000, 0x0a6e0000, 0x146e0000)
   the space 10944K,  28% used [0x09c30000, 0x09f31658, 0x09f31800, 0x0a6e0000)
 compacting perm gen  total 12288K, used 6848K [0x146e0000, 0x152e0000, 0x186e0000)
   the space 12288K,  55% used [0x146e0000, 0x14d901e0, 0x14d90200, 0x152e0000)
No shared spaces configured.
}
Event: 21.744 GC heap before
{Heap before GC invocations=3 (full 0):
 def new generation   total 4928K, used 4770K [0x046e0000, 0x04c30000, 0x09c30000)
  eden space 4416K,  96% used [0x046e0000, 0x04b08990, 0x04b30000)
  from space 512K,  99% used [0x04bb0000, 0x04c2fff8, 0x04c30000)
  to   space 512K,   0% used [0x04b30000, 0x04b30000, 0x04bb0000)
 tenured generation   total 10944K, used 3077K [0x09c30000, 0x0a6e0000, 0x146e0000)
   the space 10944K,  28% used [0x09c30000, 0x09f31658, 0x09f31800, 0x0a6e0000)
 compacting perm gen  total 12288K, used 7784K [0x146e0000, 0x152e0000, 0x186e0000)
   the space 12288K,  63% used [0x146e0000, 0x14e7a3c0, 0x14e7a400, 0x152e0000)
No shared spaces configured.
Event: 21.748 GC heap after
Heap after GC invocations=4 (full 0):
 def new generation   total 4928K, used 512K [0x046e0000, 0x04c30000, 0x09c30000)
  eden space 4416K,   0% used [0x046e0000, 0x046e0000, 0x04b30000)
  from space 512K, 100% used [0x04b30000, 0x04bb0000, 0x04bb0000)
  to   space 512K,   0% used [0x04bb0000, 0x04bb0000, 0x04c30000)
 tenured generation   total 10944K, used 4085K [0x09c30000, 0x0a6e0000, 0x146e0000)
   the space 10944K,  37% used [0x09c30000, 0x0a02d790, 0x0a02d800, 0x0a6e0000)
 compacting perm gen  total 12288K, used 7784K [0x146e0000, 0x152e0000, 0x186e0000)
   the space 12288K,  63% used [0x146e0000, 0x14e7a3c0, 0x14e7a400, 0x152e0000)
No shared spaces configured.
}

